<?xml version="1.0" encoding="UTF-8"?>
<!-- Generated by org.testng.reporters.JUnitReportReporter -->
<testsuite skipped="0" hostname="INLT2081" name="testCaseModules.module1.TC2" tests="1" failures="0" timestamp="06 Aug 2019 10:18:36 GMT" time="9.020" errors="0">
  <testcase name="TC2" time="9.020" classname="testCaseModules.module1.TC2"/>
</testsuite> <!-- testCaseModules.module1.TC2 -->
