<?xml version="1.0" encoding="UTF-8"?>
<!-- Generated by org.testng.reporters.JUnitReportReporter -->
<testsuite skipped="0" hostname="INLT2081" name="testCaseModules.module1.module1_TC1" tests="1" failures="0" timestamp="03 Aug 2019 11:03:41 GMT" time="8.880" errors="0">
  <testcase name="TC1" time="8.880" classname="testCaseModules.module1.module1_TC1"/>
</testsuite> <!-- testCaseModules.module1.module1_TC1 -->
