<?xml version="1.0" encoding="UTF-8"?>
<!-- Generated by org.testng.reporters.JUnitReportReporter -->
<testsuite skipped="0" hostname="INLT2081" name="testCaseModules.module1.TC3" tests="1" failures="0" timestamp="06 Aug 2019 10:18:36 GMT" time="6.555" errors="0">
  <testcase name="TC3" time="6.555" classname="testCaseModules.module1.TC3"/>
</testsuite> <!-- testCaseModules.module1.TC3 -->
