<?xml version="1.0" encoding="UTF-8"?>
<!-- Generated by org.testng.reporters.JUnitReportReporter -->
<testsuite skipped="0" hostname="INLT2081" name="testCaseModules.module1.module1_TC1" tests="1" failures="0" timestamp="09 Aug 2019 10:04:07 GMT" time="10.375" errors="0">
  <testcase name="TC1" time="10.375" classname="testCaseModules.module1.module1_TC1"/>
</testsuite> <!-- testCaseModules.module1.module1_TC1 -->
